2022-04-08 22:44:53.692 [main] INFO  calculator.Calculator - [SQ ROOT] - 3.0
2022-04-08 22:44:53.692 [main] INFO  calculator.Calculator - [RESULT - SQ ROOT] - 1.7320508075688772
2022-04-08 22:44:53.692 [main] INFO  calculator.Calculator - [SQ ROOT] - 4.0
2022-04-08 22:44:53.692 [main] INFO  calculator.Calculator - [RESULT - SQ ROOT] - 2.0
2022-04-08 22:44:53.707 [main] INFO  calculator.Calculator - [SQ ROOT] - 4.0
2022-04-08 22:44:53.707 [main] INFO  calculator.Calculator - [RESULT - SQ ROOT] - 2.0
2022-04-08 22:44:53.707 [main] INFO  calculator.Calculator - [SQ ROOT] - 1.0
2022-04-08 22:44:53.707 [main] INFO  calculator.Calculator - [RESULT - SQ ROOT] - 1.0
2022-04-08 22:54:49.740 [main] INFO  calculator.Calculator - [FACTORIAL] - 6.0
2022-04-08 22:54:49.756 [main] INFO  calculator.Calculator - [RESULT - FACTORIAL] - 720.0
2022-04-08 22:54:49.756 [main] INFO  calculator.Calculator - [FACTORIAL] - 3.0
2022-04-08 22:54:49.756 [main] INFO  calculator.Calculator - [RESULT - FACTORIAL] - 6.0
2022-04-08 22:54:49.771 [main] INFO  calculator.Calculator - [SQ ROOT] - 3.0
2022-04-08 22:54:49.771 [main] INFO  calculator.Calculator - [RESULT - SQ ROOT] - 1.7320508075688772
2022-04-08 22:54:49.771 [main] INFO  calculator.Calculator - [SQ ROOT] - 4.0
2022-04-08 22:54:49.771 [main] INFO  calculator.Calculator - [RESULT - SQ ROOT] - 2.0
2022-04-08 22:54:49.771 [main] INFO  calculator.Calculator - [FACTORIAL] - 5.0
2022-04-08 22:54:49.771 [main] INFO  calculator.Calculator - [RESULT - FACTORIAL] - 120.0
2022-04-08 22:54:49.771 [main] INFO  calculator.Calculator - [FACTORIAL] - 4.0
2022-04-08 22:54:49.771 [main] INFO  calculator.Calculator - [RESULT - FACTORIAL] - 24.0
2022-04-08 22:54:49.771 [main] INFO  calculator.Calculator - [SQ ROOT] - 4.0
2022-04-08 22:54:49.771 [main] INFO  calculator.Calculator - [RESULT - SQ ROOT] - 2.0
2022-04-08 22:54:49.771 [main] INFO  calculator.Calculator - [SQ ROOT] - 1.0
2022-04-08 22:54:49.771 [main] INFO  calculator.Calculator - [RESULT - SQ ROOT] - 1.0
2022-04-09 02:41:54.522 [main] INFO  calculator.Calculator - [FACTORIAL] - 6.0
2022-04-09 02:41:54.538 [main] INFO  calculator.Calculator - [RESULT - FACTORIAL] - 720.0
2022-04-09 02:41:54.538 [main] INFO  calculator.Calculator - [FACTORIAL] - 3.0
2022-04-09 02:41:54.538 [main] INFO  calculator.Calculator - [RESULT - FACTORIAL] - 6.0
2022-04-09 02:41:54.538 [main] INFO  calculator.Calculator - [SQ ROOT] - 3.0
2022-04-09 02:41:54.538 [main] INFO  calculator.Calculator - [RESULT - SQ ROOT] - 1.7320508075688772
2022-04-09 02:41:54.538 [main] INFO  calculator.Calculator - [SQ ROOT] - 4.0
2022-04-09 02:41:54.538 [main] INFO  calculator.Calculator - [RESULT - SQ ROOT] - 2.0
2022-04-09 02:41:54.538 [main] INFO  calculator.Calculator - [FACTORIAL] - 5.0
2022-04-09 02:41:54.538 [main] INFO  calculator.Calculator - [RESULT - FACTORIAL] - 120.0
2022-04-09 02:41:54.538 [main] INFO  calculator.Calculator - [FACTORIAL] - 4.0
2022-04-09 02:41:54.538 [main] INFO  calculator.Calculator - [RESULT - FACTORIAL] - 24.0
2022-04-09 02:41:54.538 [main] INFO  calculator.Calculator - [SQ ROOT] - 4.0
2022-04-09 02:41:54.538 [main] INFO  calculator.Calculator - [RESULT - SQ ROOT] - 2.0
2022-04-09 02:41:54.538 [main] INFO  calculator.Calculator - [SQ ROOT] - 1.0
2022-04-09 02:41:54.538 [main] INFO  calculator.Calculator - [RESULT - SQ ROOT] - 1.0
2022-04-12 14:43:33.128 [main] INFO  calculator.Calculator - [FACTORIAL] - 6.0
2022-04-12 14:43:33.128 [main] INFO  calculator.Calculator - [RESULT - FACTORIAL] - 720.0
2022-04-12 14:43:33.128 [main] INFO  calculator.Calculator - [FACTORIAL] - 3.0
2022-04-12 14:43:33.128 [main] INFO  calculator.Calculator - [RESULT - FACTORIAL] - 6.0
2022-04-12 14:43:33.128 [main] INFO  calculator.Calculator - [SQ ROOT] - 3.0
2022-04-12 14:43:33.128 [main] INFO  calculator.Calculator - [RESULT - SQ ROOT] - 1.7320508075688772
2022-04-12 14:43:33.128 [main] INFO  calculator.Calculator - [SQ ROOT] - 4.0
2022-04-12 14:43:33.128 [main] INFO  calculator.Calculator - [RESULT - SQ ROOT] - 2.0
2022-04-12 14:43:33.143 [main] INFO  calculator.Calculator - [NATURAL LOG] - 1.0
2022-04-12 14:43:33.143 [main] INFO  calculator.Calculator - [RESULT - NATURAL LOG] - 0.0
2022-04-12 14:43:33.143 [main] INFO  calculator.Calculator - [NATURAL LOG] - 1.0
2022-04-12 14:43:33.146 [main] INFO  calculator.Calculator - [RESULT - NATURAL LOG] - 0.0
2022-04-12 14:43:33.146 [main] INFO  calculator.Calculator - [FACTORIAL] - 5.0
2022-04-12 14:43:33.146 [main] INFO  calculator.Calculator - [RESULT - FACTORIAL] - 120.0
2022-04-12 14:43:33.146 [main] INFO  calculator.Calculator - [FACTORIAL] - 4.0
2022-04-12 14:43:33.146 [main] INFO  calculator.Calculator - [RESULT - FACTORIAL] - 24.0
2022-04-12 14:43:33.156 [main] INFO  calculator.Calculator - [POWER - 2.0 RAISED TO] 2.0
2022-04-12 14:43:33.156 [main] INFO  calculator.Calculator - [RESULT - POWER] - 4.0
2022-04-12 14:43:33.156 [main] INFO  calculator.Calculator - [POWER - 2.0 RAISED TO] 3.0
2022-04-12 14:43:33.172 [main] INFO  calculator.Calculator - [RESULT - POWER] - 8.0
2022-04-12 14:43:33.172 [main] INFO  calculator.Calculator - [POWER - 2.0 RAISED TO] 3.0
2022-04-12 14:43:33.172 [main] INFO  calculator.Calculator - [RESULT - POWER] - 8.0
2022-04-12 14:43:33.172 [main] INFO  calculator.Calculator - [POWER - 4.0 RAISED TO] 3.0
2022-04-12 14:43:33.172 [main] INFO  calculator.Calculator - [RESULT - POWER] - 64.0
2022-04-12 14:43:33.188 [main] INFO  calculator.Calculator - [NATURAL LOG] - 2.4
2022-04-12 14:43:33.188 [main] INFO  calculator.Calculator - [RESULT - NATURAL LOG] - 0.8754687373538999
2022-04-12 14:43:33.188 [main] INFO  calculator.Calculator - [NATURAL LOG] - 2.1
2022-04-12 14:43:33.188 [main] INFO  calculator.Calculator - [RESULT - NATURAL LOG] - 0.7419373447293773
2022-04-12 14:43:33.188 [main] INFO  calculator.Calculator - [SQ ROOT] - 4.0
2022-04-12 14:43:33.188 [main] INFO  calculator.Calculator - [RESULT - SQ ROOT] - 2.0
2022-04-12 14:43:33.188 [main] INFO  calculator.Calculator - [SQ ROOT] - 1.0
2022-04-12 14:43:33.188 [main] INFO  calculator.Calculator - [RESULT - SQ ROOT] - 1.0
